# JRE version: Java(TM) SE Runtime Environment (17.0.12+8) (build 17.0.12+8-LTS-286)
# Java VM: Java HotSpot(TM) 64-Bit Server VM (17.0.12+8-LTS-286, mixed mode, sharing, tiered, compressed oops, compressed class ptrs, g1 gc, bsd-amd64)
GC Precious Log:
 CPUs: 8 total, 8 available
 Memory: 8192M
 Large Page Support: Disabled
 NUMA Support: Disabled
 Compressed Oops: Enabled (Zero based)
 Heap Region Size: 2M
 Heap Min Capacity: 8M
 Heap Initial Capacity: 128M
 Heap Max Capacity: 4G
 Pre-touch: Disabled
 Parallel Workers: 8
 Concurrent Workers: 2
 Concurrent Refinement Workers: 8
 Periodic GC: Disabled
Heap:
 garbage-first heap   total 387072K, used 216942K [0x0000000700000000, 0x0000000800000000)
  region size 2048K, 22 young (45056K), 6 survivors (12288K)
 Metaspace       used 124913K, committed 126144K, reserved 1179648K
  class space    used 17387K, committed 17984K, reserved 1048576K
GC Heap History (20 events):
Event: 38.776 GC heap before
{Heap before GC invocations=35 (full 0):
 garbage-first heap   total 319488K, used 256029K [0x0000000700000000, 0x0000000800000000)
  region size 2048K, 61 young (124928K), 7 survivors (14336K)
 Metaspace       used 102487K, committed 103424K, reserved 1179648K
  class space    used 14434K, committed 14912K, reserved 1048576K
}
Event: 38.785 GC heap after
{Heap after GC invocations=36 (full 0):
 garbage-first heap   total 319488K, used 150190K [0x0000000700000000, 0x0000000800000000)
  region size 2048K, 5 young (10240K), 5 survivors (10240K)
 Metaspace       used 102487K, committed 103424K, reserved 1179648K
  class space    used 14434K, committed 14912K, reserved 1048576K
}
Event: 39.378 GC heap before
{Heap before GC invocations=36 (full 0):
 garbage-first heap   total 319488K, used 258734K [0x0000000700000000, 0x0000000800000000)
  region size 2048K, 59 young (120832K), 5 survivors (10240K)
 Metaspace       used 103742K, committed 104768K, reserved 1179648K
  class space    used 14527K, committed 15040K, reserved 1048576K
}
Event: 39.388 GC heap after
{Heap after GC invocations=37 (full 0):
 garbage-first heap   total 319488K, used 154880K [0x0000000700000000, 0x0000000800000000)
  region size 2048K, 5 young (10240K), 5 survivors (10240K)
 Metaspace       used 103742K, committed 104768K, reserved 1179648K
  class space    used 14527K, committed 15040K, reserved 1048576K
}
Event: 40.731 GC heap before
{Heap before GC invocations=37 (full 0):
 garbage-first heap   total 319488K, used 265472K [0x0000000700000000, 0x0000000800000000)
  region size 2048K, 58 young (118784K), 5 survivors (10240K)
 Metaspace       used 110235K, committed 111232K, reserved 1179648K
  class space    used 15472K, committed 15936K, reserved 1048576K
}
Event: 40.739 GC heap after
{Heap after GC invocations=38 (full 0):
 garbage-first heap   total 319488K, used 163738K [0x0000000700000000, 0x0000000800000000)
  region size 2048K, 6 young (12288K), 6 survivors (12288K)
 Metaspace       used 110235K, committed 111232K, reserved 1179648K
  class space    used 15472K, committed 15936K, reserved 1048576K
}
Event: 42.008 GC heap before
{Heap before GC invocations=38 (full 0):
 garbage-first heap   total 319488K, used 262042K [0x0000000700000000, 0x0000000800000000)
  region size 2048K, 55 young (112640K), 6 survivors (12288K)
 Metaspace       used 116677K, committed 117696K, reserved 1179648K
  class space    used 16360K, committed 16832K, reserved 1048576K
}
Event: 42.016 GC heap after
{Heap after GC invocations=39 (full 0):
 garbage-first heap   total 319488K, used 165314K [0x0000000700000000, 0x0000000800000000)
  region size 2048K, 4 young (8192K), 4 survivors (8192K)
 Metaspace       used 116677K, committed 117696K, reserved 1179648K
  class space    used 16360K, committed 16832K, reserved 1048576K
}
Event: 43.037 GC heap before
{Heap before GC invocations=39 (full 0):
 garbage-first heap   total 319488K, used 265666K [0x0000000700000000, 0x0000000800000000)
  region size 2048K, 54 young (110592K), 4 survivors (8192K)
 Metaspace       used 119804K, committed 120896K, reserved 1179648K
  class space    used 16824K, committed 17344K, reserved 1048576K
}
Event: 43.046 GC heap after
{Heap after GC invocations=40 (full 0):
 garbage-first heap   total 319488K, used 170674K [0x0000000700000000, 0x0000000800000000)
  region size 2048K, 7 young (14336K), 7 survivors (14336K)
 Metaspace       used 119804K, committed 120896K, reserved 1179648K
  class space    used 16824K, committed 17344K, reserved 1048576K
}
Event: 43.709 GC heap before
{Heap before GC invocations=40 (full 0):
 garbage-first heap   total 319488K, used 225970K [0x0000000700000000, 0x0000000800000000)
  region size 2048K, 23 young (47104K), 7 survivors (14336K)
 Metaspace       used 122010K, committed 123072K, reserved 1179648K
  class space    used 17109K, committed 17600K, reserved 1048576K
}
Event: 43.719 GC heap after
{Heap after GC invocations=41 (full 0):
 garbage-first heap   total 319488K, used 189782K [0x0000000700000000, 0x0000000800000000)
  region size 2048K, 2 young (4096K), 2 survivors (4096K)
 Metaspace       used 122010K, committed 123072K, reserved 1179648K
  class space    used 17109K, committed 17600K, reserved 1048576K
}
Event: 970.825 GC heap before
{Heap before GC invocations=42 (full 0):
 garbage-first heap   total 387072K, used 298326K [0x0000000700000000, 0x0000000800000000)
  region size 2048K, 38 young (77824K), 2 survivors (4096K)
 Metaspace       used 123569K, committed 124672K, reserved 1179648K
  class space    used 17335K, committed 17856K, reserved 1048576K
}
Event: 970.942 GC heap after
{Heap after GC invocations=43 (full 0):
 garbage-first heap   total 387072K, used 167636K [0x0000000700000000, 0x0000000800000000)
  region size 2048K, 4 young (8192K), 4 survivors (8192K)
 Metaspace       used 123569K, committed 124672K, reserved 1179648K
  class space    used 17335K, committed 17856K, reserved 1048576K
}
Event: 971.087 GC heap before
{Heap before GC invocations=43 (full 0):
 garbage-first heap   total 387072K, used 177876K [0x0000000700000000, 0x0000000800000000)
  region size 2048K, 9 young (18432K), 4 survivors (8192K)
 Metaspace       used 123592K, committed 124672K, reserved 1179648K
  class space    used 17335K, committed 17856K, reserved 1048576K
}
Event: 971.137 GC heap after
{Heap after GC invocations=44 (full 0):
 garbage-first heap   total 387072K, used 166702K [0x0000000700000000, 0x0000000800000000)
  region size 2048K, 1 young (2048K), 1 survivors (2048K)
 Metaspace       used 123592K, committed 124672K, reserved 1179648K
  class space    used 17335K, committed 17856K, reserved 1048576K
}
Event: 973.803 GC heap before
{Heap before GC invocations=44 (full 0):
 garbage-first heap   total 387072K, used 322350K [0x0000000700000000, 0x0000000800000000)
  region size 2048K, 77 young (157696K), 1 survivors (2048K)
 Metaspace       used 124298K, committed 125440K, reserved 1179648K
  class space    used 17365K, committed 17920K, reserved 1048576K
}
Event: 973.848 GC heap after
{Heap after GC invocations=45 (full 0):
 garbage-first heap   total 387072K, used 178862K [0x0000000700000000, 0x0000000800000000)
  region size 2048K, 7 young (14336K), 7 survivors (14336K)
 Metaspace       used 124298K, committed 125440K, reserved 1179648K
  class space    used 17365K, committed 17920K, reserved 1048576K
}
Event: 2830.234 GC heap before
{Heap before GC invocations=45 (full 0):
 garbage-first heap   total 387072K, used 311982K [0x0000000700000000, 0x0000000800000000)
  region size 2048K, 73 young (149504K), 7 survivors (14336K)
 Metaspace       used 124864K, committed 126080K, reserved 1179648K
  class space    used 17385K, committed 17984K, reserved 1048576K
}
Event: 2830.410 GC heap after
{Heap after GC invocations=46 (full 0):
 garbage-first heap   total 387072K, used 188270K [0x0000000700000000, 0x0000000800000000)
  region size 2048K, 6 young (12288K), 6 survivors (12288K)
 Metaspace       used 124864K, committed 126080K, reserved 1179648K
  class space    used 17385K, committed 17984K, reserved 1048576K
}

