# JRE version: OpenJDK Runtime Environment (21.0.8) (build 21.0.8+-14196175-b1038.72)
# Java VM: OpenJDK 64-Bit Server VM (21.0.8+-14196175-b1038.72, mixed mode, tiered, compressed oops, compressed class ptrs, g1 gc, bsd-amd64)
GC Precious Log:
 CardTable entry size: 512
 Card Set container configuration: InlinePtr #cards 5 size 8 Array Of Cards #cards 12 size 40 Howl #buckets 4 coarsen threshold 1843 Howl Bitmap #cards 512 size 80 coarsen threshold 460 Card regions per heap region 1 cards per card region 2048
 CPUs: 8 total, 8 available
 Memory: 8192M
 Large Page Support: Disabled
 NUMA Support: Disabled
 Compressed Oops: Enabled (Zero based)
 Heap Region Size: 1M
 Heap Min Capacity: 8M
 Heap Initial Capacity: 128M
 Heap Max Capacity: 2G
 Pre-touch: Disabled
 Parallel Workers: 8
 Concurrent Workers: 2
 Concurrent Refinement Workers: 8
 Periodic GC: Disabled
Heap:
 garbage-first heap   total 263168K, used 182814K [0x0000000780000000, 0x0000000800000000)
  region size 1024K, 42 young (43008K), 9 survivors (9216K)
 Metaspace       used 120903K, committed 123136K, reserved 1179648K
  class space    used 17171K, committed 18240K, reserved 1048576K
GC Heap History (20 events):
Event: 14.191 GC heap before
{Heap before GC invocations=46 (full 0):
 garbage-first heap   total 207872K, used 185173K [0x0000000780000000, 0x0000000800000000)
  region size 1024K, 82 young (83968K), 10 survivors (10240K)
 Metaspace       used 116060K, committed 118208K, reserved 1179648K
  class space    used 16475K, committed 17536K, reserved 1048576K
}
Event: 14.201 GC heap after
{Heap after GC invocations=47 (full 0):
 garbage-first heap   total 207872K, used 119551K [0x0000000780000000, 0x0000000800000000)
  region size 1024K, 11 young (11264K), 11 survivors (11264K)
 Metaspace       used 116060K, committed 118208K, reserved 1179648K
  class space    used 16475K, committed 17536K, reserved 1048576K
}
Event: 14.788 GC heap before
{Heap before GC invocations=47 (full 0):
 garbage-first heap   total 207872K, used 184063K [0x0000000780000000, 0x0000000800000000)
  region size 1024K, 75 young (76800K), 11 survivors (11264K)
 Metaspace       used 118719K, committed 120960K, reserved 1179648K
  class space    used 16892K, committed 17984K, reserved 1048576K
}
Event: 14.799 GC heap after
{Heap after GC invocations=48 (full 0):
 garbage-first heap   total 207872K, used 131072K [0x0000000780000000, 0x0000000800000000)
  region size 1024K, 10 young (10240K), 10 survivors (10240K)
 Metaspace       used 118719K, committed 120960K, reserved 1179648K
  class space    used 16892K, committed 17984K, reserved 1048576K
}
Event: 14.949 GC heap before
{Heap before GC invocations=48 (full 0):
 garbage-first heap   total 219136K, used 185344K [0x0000000780000000, 0x0000000800000000)
  region size 1024K, 63 young (64512K), 10 survivors (10240K)
 Metaspace       used 118729K, committed 120960K, reserved 1179648K
  class space    used 16892K, committed 17984K, reserved 1048576K
}
Event: 14.955 GC heap after
{Heap after GC invocations=49 (full 0):
 garbage-first heap   total 219136K, used 134127K [0x0000000780000000, 0x0000000800000000)
  region size 1024K, 4 young (4096K), 4 survivors (4096K)
 Metaspace       used 118729K, committed 120960K, reserved 1179648K
  class space    used 16892K, committed 17984K, reserved 1048576K
}
Event: 15.127 GC heap before
{Heap before GC invocations=50 (full 0):
 garbage-first heap   total 219136K, used 197615K [0x0000000780000000, 0x0000000800000000)
  region size 1024K, 67 young (68608K), 4 survivors (4096K)
 Metaspace       used 118921K, committed 121152K, reserved 1179648K
  class space    used 16918K, committed 17984K, reserved 1048576K
}
Event: 15.132 GC heap after
{Heap after GC invocations=51 (full 0):
 garbage-first heap   total 219136K, used 136067K [0x0000000780000000, 0x0000000800000000)
  region size 1024K, 6 young (6144K), 6 survivors (6144K)
 Metaspace       used 118921K, committed 121152K, reserved 1179648K
  class space    used 16918K, committed 17984K, reserved 1048576K
}
Event: 15.370 GC heap before
{Heap before GC invocations=51 (full 0):
 garbage-first heap   total 219136K, used 199555K [0x0000000780000000, 0x0000000800000000)
  region size 1024K, 69 young (70656K), 6 survivors (6144K)
 Metaspace       used 119057K, committed 121344K, reserved 1179648K
  class space    used 16933K, committed 18048K, reserved 1048576K
}
Event: 15.377 GC heap after
{Heap after GC invocations=52 (full 0):
 garbage-first heap   total 219136K, used 137436K [0x0000000780000000, 0x0000000800000000)
  region size 1024K, 8 young (8192K), 8 survivors (8192K)
 Metaspace       used 119057K, committed 121344K, reserved 1179648K
  class space    used 16933K, committed 18048K, reserved 1048576K
}
Event: 15.567 GC heap before
{Heap before GC invocations=52 (full 0):
 garbage-first heap   total 219136K, used 196828K [0x0000000780000000, 0x0000000800000000)
  region size 1024K, 67 young (68608K), 8 survivors (8192K)
 Metaspace       used 119169K, committed 121408K, reserved 1179648K
  class space    used 16940K, committed 18048K, reserved 1048576K
}
Event: 15.573 GC heap after
{Heap after GC invocations=53 (full 0):
 garbage-first heap   total 263168K, used 139569K [0x0000000780000000, 0x0000000800000000)
  region size 1024K, 5 young (5120K), 5 survivors (5120K)
 Metaspace       used 119169K, committed 121408K, reserved 1179648K
  class space    used 16940K, committed 18048K, reserved 1048576K
}
Event: 16.044 GC heap before
{Heap before GC invocations=54 (full 0):
 garbage-first heap   total 263168K, used 235825K [0x0000000780000000, 0x0000000800000000)
  region size 1024K, 100 young (102400K), 5 survivors (5120K)
 Metaspace       used 119609K, committed 121792K, reserved 1179648K
  class space    used 16987K, committed 18048K, reserved 1048576K
}
Event: 16.049 GC heap after
{Heap after GC invocations=55 (full 0):
 garbage-first heap   total 263168K, used 142827K [0x0000000780000000, 0x0000000800000000)
  region size 1024K, 8 young (8192K), 8 survivors (8192K)
 Metaspace       used 119609K, committed 121792K, reserved 1179648K
  class space    used 16987K, committed 18048K, reserved 1048576K
}
Event: 16.236 GC heap before
{Heap before GC invocations=55 (full 0):
 garbage-first heap   total 263168K, used 239083K [0x0000000780000000, 0x0000000800000000)
  region size 1024K, 103 young (105472K), 8 survivors (8192K)
 Metaspace       used 119634K, committed 121792K, reserved 1179648K
  class space    used 16988K, committed 18048K, reserved 1048576K
}
Event: 16.244 GC heap after
{Heap after GC invocations=56 (full 0):
 garbage-first heap   total 263168K, used 143796K [0x0000000780000000, 0x0000000800000000)
  region size 1024K, 9 young (9216K), 9 survivors (9216K)
 Metaspace       used 119634K, committed 121792K, reserved 1179648K
  class space    used 16988K, committed 18048K, reserved 1048576K
}
Event: 16.484 GC heap before
{Heap before GC invocations=56 (full 0):
 garbage-first heap   total 263168K, used 238004K [0x0000000780000000, 0x0000000800000000)
  region size 1024K, 102 young (104448K), 9 survivors (9216K)
 Metaspace       used 119673K, committed 121920K, reserved 1179648K
  class space    used 16989K, committed 18048K, reserved 1048576K
}
Event: 16.489 GC heap after
{Heap after GC invocations=57 (full 0):
 garbage-first heap   total 263168K, used 146690K [0x0000000780000000, 0x0000000800000000)
  region size 1024K, 8 young (8192K), 8 survivors (8192K)
 Metaspace       used 119673K, committed 121920K, reserved 1179648K
  class space    used 16989K, committed 18048K, reserved 1048576K
}
Event: 16.801 GC heap before
{Heap before GC invocations=58 (full 0):
 garbage-first heap   total 263168K, used 238850K [0x0000000780000000, 0x0000000800000000)
  region size 1024K, 99 young (101376K), 8 survivors (8192K)
 Metaspace       used 119798K, committed 122112K, reserved 1179648K
  class space    used 17002K, committed 18112K, reserved 1048576K
}
Event: 16.808 GC heap after
{Heap after GC invocations=59 (full 0):
 garbage-first heap   total 263168K, used 150046K [0x0000000780000000, 0x0000000800000000)
  region size 1024K, 9 young (9216K), 9 survivors (9216K)
 Metaspace       used 119798K, committed 122112K, reserved 1179648K
  class space    used 17002K, committed 18112K, reserved 1048576K
}

